<?xml version="1.0" encoding="UTF-8"?>
<!-- Generated by org.testng.reporters.JUnitReportReporter -->
<testsuite hostname="DESKTOP-DJ4FDME" failures="0" tests="1" name="org.wipro.automation.uo.testcases.LoginScenario" time="6.495" errors="0" timestamp="2024-10-10T08:10:17 IST" skipped="0">
  <testcase classname="org.wipro.automation.uo.testcases.LoginScenario" name="tc001_loginvalidation_validcredentail" time="6.495"/>
</testsuite> <!-- org.wipro.automation.uo.testcases.LoginScenario -->
