<?xml version="1.0" encoding="UTF-8"?>
<!-- Generated by org.testng.reporters.JUnitReportReporter -->
<testsuite hostname="DESKTOP-DJ4FDME" failures="0" tests="1" name="org.wipro.automation.uo.testcases.SignupScenario" time="8.855" errors="0" timestamp="2024-10-10T08:21:58 IST" skipped="0">
  <testcase classname="org.wipro.automation.uo.testcases.SignupScenario" name="tc002_signupvalidation_validcredentail" time="8.855"/>
</testsuite> <!-- org.wipro.automation.uo.testcases.SignupScenario -->
