<?xml version="1.0" encoding="UTF-8"?>
<!-- Generated by org.testng.reporters.JUnitReportReporter -->
<testsuite hostname="DESKTOP-DJ4FDME" failures="0" tests="1" name="org.xyz.automation.uo.TestWorldSite" time="9.341" errors="0" timestamp="2024-10-03T08:09:20 IST" skipped="0">
  <testcase classname="org.xyz.automation.uo.TestWorldSite" name="validate_loginfunc" time="9.341"/>
</testsuite> <!-- org.xyz.automation.uo.TestWorldSite -->
