<?xml version="1.0" encoding="UTF-8"?>
<!-- Generated by org.testng.reporters.JUnitReportReporter -->
<testsuite hostname="DESKTOP-DJ4FDME" failures="0" tests="1" name="org.wipro.automation.uo.testcases.LoginScenario" time="5.410" errors="0" timestamp="2024-10-11T07:57:05 IST" skipped="0">
  <testcase classname="org.wipro.automation.uo.testcases.LoginScenario" name="tc001_loginvalidation_validcredentail" time="5.410"/>
</testsuite> <!-- org.wipro.automation.uo.testcases.LoginScenario -->
