<?xml version="1.0" encoding="UTF-8"?>
<!-- Generated by org.testng.reporters.JUnitReportReporter -->
<testsuite hostname="DESKTOP-DJ4FDME" failures="0" tests="1" name="org.xyz.automation.uo.HandleBrowser" time="13.428" errors="0" timestamp="2024-09-27T08:05:54 IST" skipped="0">
  <testcase classname="org.xyz.automation.uo.HandleBrowser" name="browserhandle" time="13.428"/>
</testsuite> <!-- org.xyz.automation.uo.HandleBrowser -->
