<?xml version="1.0" encoding="UTF-8"?>
<!-- Generated by org.testng.reporters.JUnitReportReporter -->
<testsuite hostname="DESKTOP-DJ4FDME" failures="0" tests="1" name="firstpkg.TestNGDemo" time="0.001" errors="0" timestamp="2024-09-21T07:45:58 IST" skipped="0">
  <testcase classname="firstpkg.TestNGDemo" name="meth1" time="0.001"/>
</testsuite> <!-- firstpkg.TestNGDemo -->
