<?xml version="1.0" encoding="UTF-8"?>
<!-- Generated by org.testng.reporters.JUnitReportReporter -->
<testsuite hostname="DESKTOP-DJ4FDME" failures="0" tests="2" name="org.xyz.automation.uo.FirstAutomation" time="8.414" errors="0" timestamp="2024-10-03T20:34:52 IST" skipped="1">
  <testcase classname="org.xyz.automation.uo.FirstAutomation" name="validate_loginfunc" time="8.414"/>
  <testcase classname="org.xyz.automation.uo.FirstAutomation" name="validate_signupfunc">
    <skipped/>
  </testcase> <!-- validate_signupfunc -->
</testsuite> <!-- org.xyz.automation.uo.FirstAutomation -->
