<?xml version="1.0" encoding="UTF-8"?>
<!-- Generated by org.testng.reporters.JUnitReportReporter -->
<testsuite hostname="DESKTOP-DJ4FDME" failures="0" tests="4" name="org.xyz.automation.uo.KeyboardMouse" time="12.218" errors="0" timestamp="2024-10-08T08:10:54 IST" skipped="3">
  <testcase classname="org.xyz.automation.uo.KeyboardMouse" name="handleFrames" time="12.218"/>
  <testcase classname="org.xyz.automation.uo.KeyboardMouse" name="keyboardhandle">
    <skipped/>
  </testcase> <!-- keyboardhandle -->
  <testcase classname="org.xyz.automation.uo.KeyboardMouse" name="mousehandling">
    <skipped/>
  </testcase> <!-- mousehandling -->
  <testcase classname="org.xyz.automation.uo.KeyboardMouse" name="handleAlerts">
    <skipped/>
  </testcase> <!-- handleAlerts -->
</testsuite> <!-- org.xyz.automation.uo.KeyboardMouse -->
