<?xml version="1.0" encoding="UTF-8"?>
<!-- Generated by org.testng.reporters.JUnitReportReporter -->
<testsuite hostname="DESKTOP-DJ4FDME" failures="0" tests="3" name="org.wipro.automation.uo.testcases.LoginScenario_DDF" time="23.568" errors="0" timestamp="2024-10-11T08:08:21 IST" skipped="0">
  <testcase classname="org.wipro.automation.uo.testcases.LoginScenario_DDF" name="tc001_loginvalidation_validcredentail" time="7.244"/>
  <testcase classname="org.wipro.automation.uo.testcases.LoginScenario_DDF" name="tc001_loginvalidation_validcredentail" time="8.705"/>
  <testcase classname="org.wipro.automation.uo.testcases.LoginScenario_DDF" name="tc001_loginvalidation_validcredentail" time="7.619"/>
</testsuite> <!-- org.wipro.automation.uo.testcases.LoginScenario_DDF -->
