<?xml version="1.0" encoding="UTF-8"?>
<!-- Generated by org.testng.reporters.JUnitReportReporter -->
<testsuite hostname="DESKTOP-DJ4FDME" failures="0" tests="1" name="org.xyz.automation.uo.FetchDataCompare" time="4.636" errors="0" timestamp="2024-10-02T08:23:46 IST" skipped="0">
  <testcase classname="org.xyz.automation.uo.FetchDataCompare" name="validate_loginfunc" time="4.636"/>
</testsuite> <!-- org.xyz.automation.uo.FetchDataCompare -->
