<?xml version="1.0" encoding="UTF-8"?>
<!-- Generated by org.testng.reporters.JUnitReportReporter -->
<testsuite hostname="DESKTOP-DJ4FDME" failures="0" tests="3" name="org.wipro.automation.uo.testcases.SignupScenario" time="52.724" errors="0" timestamp="2024-10-11T08:14:59 IST" skipped="0">
  <testcase classname="org.wipro.automation.uo.testcases.SignupScenario" name="tc002_signupvalidation_validcredentail" time="14.442"/>
  <testcase classname="org.wipro.automation.uo.testcases.SignupScenario" name="tc002_signupvalidation_validcredentail" time="16.640"/>
  <testcase classname="org.wipro.automation.uo.testcases.SignupScenario" name="tc002_signupvalidation_validcredentail" time="21.642"/>
</testsuite> <!-- org.wipro.automation.uo.testcases.SignupScenario -->
