<?xml version="1.0" encoding="UTF-8"?>
<!-- Generated by org.testng.reporters.JUnitReportReporter -->
<testsuite hostname="DESKTOP-DJ4FDME" failures="0" tests="7" name="testNGDemo.TestScenario6" time="0.016" errors="0" timestamp="2024-10-08T08:10:54 IST" skipped="0">
  <testcase classname="testNGDemo.TestScenario6" name="second_testcase" time="0.002"/>
  <testcase classname="testNGDemo.TestScenario6" name="fifth_testcase" time="0.002"/>
  <testcase classname="testNGDemo.TestScenario6" name="seventh_testcase" time="0.003"/>
  <testcase classname="testNGDemo.TestScenario6" name="third_testcase" time="0.002"/>
  <testcase classname="testNGDemo.TestScenario6" name="first_testcase" time="0.002"/>
  <testcase classname="testNGDemo.TestScenario6" name="sixth_testcase" time="0.002"/>
  <testcase classname="testNGDemo.TestScenario6" name="forth_testcase" time="0.003"/>
</testsuite> <!-- testNGDemo.TestScenario6 -->
