<?xml version="1.0" encoding="UTF-8"?>
<!-- Generated by org.testng.reporters.JUnitReportReporter -->
<testsuite hostname="DESKTOP-DJ4FDME" failures="0" tests="7" name="testNGDemo.TestScenario2" time="0.015" errors="0" timestamp="2024-10-08T08:10:54 IST" skipped="0">
  <testcase classname="testNGDemo.TestScenario2" name="seventh_testcase" time="0.002"/>
  <testcase classname="testNGDemo.TestScenario2" name="second_testcase" time="0.001"/>
  <testcase classname="testNGDemo.TestScenario2" name="first_testcase" time="0.004"/>
  <testcase classname="testNGDemo.TestScenario2" name="sixth_testcase" time="0.002"/>
  <testcase classname="testNGDemo.TestScenario2" name="third_testcase" time="0.002"/>
  <testcase classname="testNGDemo.TestScenario2" name="forth_testcase" time="0.002"/>
  <testcase classname="testNGDemo.TestScenario2" name="fifth_testcase" time="0.002"/>
</testsuite> <!-- testNGDemo.TestScenario2 -->
