<?xml version="1.0" encoding="UTF-8"?>
<!-- Generated by org.testng.reporters.JUnitReportReporter -->
<testsuite hostname="DESKTOP-DJ4FDME" failures="0" tests="1" name="org.wipro.automation.uo.basePkg.InitiateBrowser" time="10.337" errors="0" timestamp="2024-10-09T08:27:42 IST" skipped="0">
  <testcase classname="org.wipro.automation.uo.basePkg.InitiateBrowser" name="launchBrowser" time="10.337"/>
</testsuite> <!-- org.wipro.automation.uo.basePkg.InitiateBrowser -->
